SCP Driver Installer 1.2.0.160 [18/02/2015 20:45:39]

Detected - Microsoft Windows 7 Ultimate (6.1.7600.0 AMD64)
Selected WIN7 configuration.

INFO    - ENTER:  DriverPackageInstallW
INFO    - Looking for Model Section [SCProductions.NTamd64]...
INFO    - Installing INF file 'E:\Downloads\ScpServer\bin\System\ScpVBus.inf' (Plug and Play).
INFO    - Looking for Model Section [SCProductions.NTamd64]...
INFO    - Installing devices with Id "root\ScpVBus" using INF "C:\Windows\System32\DriverStore\FileRepository\scpvbus.inf_amd64_neutral_21ca245c0e23d7a5\scpvbus.inf".
INFO    - Will force install because driver is not better and force flag is set.
INFO    - ENTER UpdateDriverForPlugAndPlayDevices...
SUCCESS - RETURN UpdateDriverForPlugAndPlayDevices.
INFO    - Installation was successful.
SUCCESS - Install completed
INFO    - RETURN: DriverPackageInstallW  (0x0)
INFO    - ENTER:  DriverPackageInstallW
INFO    - Looking for Model Section [SCProductions.NTamd64]...
INFO    - RETURN: DriverPackageInstallW  (0xE000020B)

Install Succeeded. [Reboot Required]

-- Install Summary --
Bus Driver


INFO    - ENTER:  DriverPackageInstallW
INFO    - Looking for Model Section [SCProductions.NTamd64]...
INFO    - Installing INF file 'E:\Downloads\ScpServer\bin\System\ScpVBus.inf' (Plug and Play).
INFO    - Looking for Model Section [SCProductions.NTamd64]...
INFO    - Installing devices with Id "root\ScpVBus" using INF "C:\Windows\System32\DriverStore\FileRepository\scpvbus.inf_amd64_neutral_21ca245c0e23d7a5\scpvbus.inf".
INFO    - Will force install because driver is not better and force flag is set.
INFO    - ENTER UpdateDriverForPlugAndPlayDevices...
SUCCESS - RETURN UpdateDriverForPlugAndPlayDevices.
INFO    - Installation was successful.
SUCCESS - Install completed
INFO    - RETURN: DriverPackageInstallW  (0x0)
INFO    - ENTER:  DriverPackageInstallW
INFO    - Looking for Model Section [SCProductions.NTamd64]...
INFO    - RETURN: DriverPackageInstallW  (0xE000020B)

Install Succeeded. [Reboot Required]

-- Install Summary --
Bus Driver



SCP Driver Installer 1.2.0.160 [18/02/2015 21:56:40]

Detected - Microsoft Windows 7 Ultimate (6.1.7600.0 AMD64)
Selected WIN7 configuration.

INFO    - ENTER:  DriverPackageInstallW
INFO    - Looking for Model Section [SCProductions.NTamd64]...
INFO    - RETURN: DriverPackageInstallW  (0x103)
INFO    - ENTER:  DriverPackageInstallW
INFO    - Looking for Model Section [SCProductions.NTamd64]...
INFO    - RETURN: DriverPackageInstallW  (0x103)
INFO    - ENTER:  DriverPackageInstallW
INFO    - Looking for Model Section [SCProductions.NTamd64]...
INFO    - RETURN: DriverPackageInstallW  (0xE000020B)

Install Succeeded.

-- Install Summary --



SCP Driver Installer 1.2.0.160 [19/02/2015 13:01:21]

Detected - Microsoft Windows 7 Ultimate (6.1.7600.0 AMD64)
Selected WIN7 configuration.


SCP Driver Installer 1.2.0.160 [7/31/2022 11:23:26 PM]

Detected - Microsoft Windows 10 Pro (6.2.9200.0 AMD64)
Selected DEFAULT configuration.

INFO    - ENTER:  DriverPackageInstallW
INFO    - Looking for Model Section [SCProductions.NTamd64]...
INFO    - RETURN: DriverPackageInstallW  (0x103)
INFO    - ENTER:  DriverPackageInstallW
INFO    - Looking for Model Section [SCProductions.NTamd64]...
INFO    - No matching devices found in INF "C:\Users\Brian Tovar\Desktop\ScpServer\bin\System\BthWinUsb.inf" on the Machine.
INFO    - RETURN: DriverPackageInstallW  (0xE000020B)
INFO    - ENTER:  DriverPackageInstallW
INFO    - Looking for Model Section [SCProductions.NTamd64]...
INFO    - Installing INF file 'C:\Users\Brian Tovar\Desktop\ScpServer\bin\System\Ds3WinUsb.inf' (Plug and Play).
INFO    - Looking for Model Section [SCProductions.NTamd64]...
INFO    - Installing devices with Id "USB\VID_054C&PID_0268&REV_0100" using INF "C:\Windows\System32\DriverStore\FileRepository\ds3winusb.inf_amd64_15691982ca5c21ae\Ds3WinUsb.inf".
INFO    - ENTER UpdateDriverForPlugAndPlayDevices...
SUCCESS - RETURN UpdateDriverForPlugAndPlayDevices.
INFO    - Installation was successful.
SUCCESS - Install completed
INFO    - RETURN: DriverPackageInstallW  (0x0)
INFO    - SCP DS3 Service Started.

Install Succeeded.

-- Install Summary --
SCP DS3 Service
DS3 USB Driver


INFO    - ENTER:  DriverPackageInstallW
INFO    - Looking for Model Section [SCProductions.NTamd64]...
INFO    - Installing INF file 'C:\Users\Brian Tovar\Desktop\ScpServer\bin\System\ScpVBus.inf' (Plug and Play).
INFO    - Looking for Model Section [SCProductions.NTamd64]...
INFO    - Installing devices with Id "root\ScpVBus" using INF "C:\Windows\System32\DriverStore\FileRepository\scpvbus.inf_amd64_21ca245c0e23d7a5\scpvbus.inf".
INFO    - Will force install because driver is not better and force flag is set.
INFO    - ENTER UpdateDriverForPlugAndPlayDevices...
SUCCESS - RETURN UpdateDriverForPlugAndPlayDevices.
INFO    - Installation was successful.
SUCCESS - Install completed
INFO    - RETURN: DriverPackageInstallW  (0x0)
INFO    - ENTER:  DriverPackageInstallW
INFO    - Looking for Model Section [SCProductions.NTamd64]...
INFO    - Installing INF file 'C:\Users\Brian Tovar\Desktop\ScpServer\bin\System\Ds3WinUsb.inf' (Plug and Play).
INFO    - Looking for Model Section [SCProductions.NTamd64]...
INFO    - Installing devices with Id "USB\VID_054C&PID_0268&REV_0100" using INF "C:\Windows\System32\DriverStore\FileRepository\ds3winusb.inf_amd64_15691982ca5c21ae\ds3winusb.inf".
INFO    - Will force install because driver is not better and force flag is set.
INFO    - ENTER UpdateDriverForPlugAndPlayDevices...
SUCCESS - RETURN UpdateDriverForPlugAndPlayDevices.
INFO    - Installation was successful.
SUCCESS - Install completed
INFO    - RETURN: DriverPackageInstallW  (0x0)

Install Succeeded. [Reboot Required]

-- Install Summary --
Bus Driver
DS3 USB Driver



